15/8/2005 17:40:53			### Starting application: FileMan 6.5b ###
15/8/2005 17:40:53			Checking object: FathCrypt.CFathCrypt.1 - Falso
15/8/2005 17:40:53			Checking object: Fath.Upload - Falso
15/8/2005 17:40:53			Checking object: Shell.Application - Verdadeiro
15/8/2005 17:40:59			Checking object: ADsSecurity - Falso
15/8/2005 17:40:59			Verified GetShortName setting: Falso
15/8/2005 17:40:59			Collected default language strings for English.dat
15/8/2005 17:40:59			### Application started ###
15/8/2005 17:53:51			### Starting application: FileMan 6.5b ###
15/8/2005 17:53:51			Checking object: FathCrypt.CFathCrypt.1 - Falso
15/8/2005 17:53:51			Checking object: Fath.Upload - Falso
15/8/2005 17:53:51			Checking object: Shell.Application - Verdadeiro
15/8/2005 17:53:56			Checking object: ADsSecurity - Falso
15/8/2005 17:53:56			Verified GetShortName setting: Falso
15/8/2005 17:53:56			Collected default language strings for English.dat
15/8/2005 17:53:56			### Application started ###
15/8/2005 19:13:51			### Starting application: FileMan 6.5b ###
15/8/2005 19:13:51			Checking object: FathCrypt.CFathCrypt.1 - Falso
15/8/2005 19:13:51			Checking object: Fath.Upload - Falso
15/8/2005 19:13:51			Checking object: Shell.Application - Verdadeiro
15/8/2005 19:13:56			Checking object: ADsSecurity - Falso
15/8/2005 19:13:56			Verified GetShortName setting: Falso
15/8/2005 19:13:56			Collected default language strings for English.dat
15/8/2005 19:13:56			### Application started ###
31/8/2005 14:13:35			### Starting application: FileMan 6.5b ###
31/8/2005 14:13:35			Checking object: FathCrypt.CFathCrypt.1 - Falso
31/8/2005 14:13:35			Checking object: Fath.Upload - Falso
31/8/2005 14:13:35			Checking object: Shell.Application - Verdadeiro
31/8/2005 14:13:44			Checking object: ADsSecurity - Falso
31/8/2005 14:13:44			Verified GetShortName setting: Falso
31/8/2005 14:13:44			Collected default language strings for English.dat
31/8/2005 14:13:44			### Application started ###
18/9/2005 12:41:14			### Starting application: FileMan 6.5b ###
18/9/2005 12:41:14			Checking object: FathCrypt.CFathCrypt.1 - Falso
18/9/2005 12:41:14			Checking object: Fath.Upload - Falso
18/9/2005 12:41:14			Checking object: Shell.Application - Verdadeiro
18/9/2005 12:41:20			Checking object: ADsSecurity - Falso
18/9/2005 12:41:20			Verified GetShortName setting: Falso
18/9/2005 12:41:20			Collected default language strings for English.dat
18/9/2005 12:41:20			### Application started ###
21/9/2005 19:38:24			### Starting application: FileMan 6.5b ###
21/9/2005 19:38:24			Checking object: FathCrypt.CFathCrypt.1 - Falso
21/9/2005 19:38:24			Checking object: Fath.Upload - Falso
21/9/2005 19:38:24			Checking object: Shell.Application - Verdadeiro
21/9/2005 19:38:30			Checking object: ADsSecurity - Falso
21/9/2005 19:38:30			Verified GetShortName setting: Falso
21/9/2005 19:38:30			Collected default language strings for English.dat
21/9/2005 19:38:30			### Application started ###
25/9/2005 11:55:25			### Starting application: FileMan 6.5b ###
25/9/2005 11:55:25			Checking object: FathCrypt.CFathCrypt.1 - Falso
25/9/2005 11:55:25			Checking object: Fath.Upload - Falso
25/9/2005 11:55:25			Checking object: Shell.Application - Verdadeiro
25/9/2005 11:55:30			Checking object: ADsSecurity - Falso
25/9/2005 11:55:30			Verified GetShortName setting: Falso
25/9/2005 11:55:30			Collected default language strings for English.dat
25/9/2005 11:55:30			### Application started ###
27/9/2005 00:56:34			### Starting application: FileMan 6.5b ###
27/9/2005 00:56:34			Checking object: FathCrypt.CFathCrypt.1 - Falso
27/9/2005 00:56:34			Checking object: Fath.Upload - Falso
27/9/2005 00:56:34			Checking object: Shell.Application - Verdadeiro
27/9/2005 00:56:41			Checking object: ADsSecurity - Falso
27/9/2005 00:56:41			Verified GetShortName setting: Falso
27/9/2005 00:56:41			Collected default language strings for English.dat
27/9/2005 00:56:41			### Application started ###
1/10/2005 18:00:36			### Starting application: FileMan 6.5b ###
1/10/2005 18:00:36			Checking object: FathCrypt.CFathCrypt.1 - Falso
1/10/2005 18:00:36			Checking object: Fath.Upload - Falso
1/10/2005 18:00:36			Checking object: Shell.Application - Verdadeiro
1/10/2005 18:00:41			Checking object: ADsSecurity - Falso
1/10/2005 18:00:41			Verified GetShortName setting: Falso
1/10/2005 18:00:41			Collected default language strings for English.dat
1/10/2005 18:00:41			### Application started ###
3/10/2005 18:26:42			### Starting application: FileMan 6.5b ###
3/10/2005 18:26:42			Checking object: FathCrypt.CFathCrypt.1 - Falso
3/10/2005 18:26:42			Checking object: Fath.Upload - Falso
3/10/2005 18:26:42			Checking object: Shell.Application - Verdadeiro
3/10/2005 18:26:49			Checking object: ADsSecurity - Falso
3/10/2005 18:26:49			Verified GetShortName setting: Falso
3/10/2005 18:26:49			Collected default language strings for English.dat
3/10/2005 18:26:49			### Application started ###
9/10/2005 15:54:21			### Starting application: FileMan 6.5b ###
9/10/2005 15:54:21			Checking object: FathCrypt.CFathCrypt.1 - Falso
9/10/2005 15:54:21			Checking object: Fath.Upload - Falso
9/10/2005 15:54:21			Checking object: Shell.Application - Verdadeiro
9/10/2005 15:54:27			Checking object: ADsSecurity - Falso
9/10/2005 15:54:27			Verified GetShortName setting: Falso
9/10/2005 15:54:27			Collected default language strings for English.dat
9/10/2005 15:54:27			### Application started ###
10/10/2005 00:14:43			### Starting application: FileMan 6.5b ###
10/10/2005 00:14:43			Checking object: FathCrypt.CFathCrypt.1 - Falso
10/10/2005 00:14:43			Checking object: Fath.Upload - Falso
10/10/2005 00:14:43			Checking object: Shell.Application - Verdadeiro
10/10/2005 00:14:49			Checking object: ADsSecurity - Falso
10/10/2005 00:14:49			Verified GetShortName setting: Falso
10/10/2005 00:14:49			Collected default language strings for English.dat
10/10/2005 00:14:49			### Application started ###
14/10/2005 19:02:28			### Starting application: FileMan 6.5b ###
14/10/2005 19:02:28			Checking object: FathCrypt.CFathCrypt.1 - Falso
14/10/2005 19:02:28			Checking object: Fath.Upload - Falso
14/10/2005 19:02:28			Checking object: Shell.Application - Verdadeiro
14/10/2005 19:02:34			Checking object: ADsSecurity - Falso
14/10/2005 19:02:34			Verified GetShortName setting: Falso
14/10/2005 19:02:34			Collected default language strings for English.dat
14/10/2005 19:02:34			### Application started ###
25/10/2005 23:40:04			### Starting application: FileMan 6.5b ###
25/10/2005 23:40:04			Checking object: FathCrypt.CFathCrypt.1 - Falso
25/10/2005 23:40:04			Checking object: Fath.Upload - Falso
25/10/2005 23:40:04			Checking object: Shell.Application - Verdadeiro
25/10/2005 23:40:12			Checking object: ADsSecurity - Falso
25/10/2005 23:40:12			Verified GetShortName setting: Falso
25/10/2005 23:40:12			Collected default language strings for English.dat
25/10/2005 23:40:12			### Application started ###
29/10/2005 10:28:30			### Starting application: FileMan 6.5b ###
29/10/2005 10:28:30			Checking object: FathCrypt.CFathCrypt.1 - Falso
29/10/2005 10:28:30			Checking object: Fath.Upload - Falso
29/10/2005 10:28:30			Checking object: Shell.Application - Verdadeiro
29/10/2005 10:28:36			Checking object: ADsSecurity - Falso
29/10/2005 10:28:36			Verified GetShortName setting: Falso
29/10/2005 10:28:36			Collected default language strings for English.dat
29/10/2005 10:28:36			### Application started ###
1/11/2005 11:39:30			### Starting application: FileMan 6.5b ###
1/11/2005 11:39:30			Checking object: FathCrypt.CFathCrypt.1 - Falso
1/11/2005 11:39:30			Checking object: Fath.Upload - Falso
1/11/2005 11:39:30			Checking object: Shell.Application - Verdadeiro
1/11/2005 11:39:36			Checking object: ADsSecurity - Falso
1/11/2005 11:39:36			Verified GetShortName setting: Falso
1/11/2005 11:39:36			Collected default language strings for English.dat
1/11/2005 11:39:36			### Application started ###
5/11/2005 18:55:37			### Starting application: FileMan 6.5b ###
5/11/2005 18:55:37			Checking object: FathCrypt.CFathCrypt.1 - Falso
5/11/2005 18:55:37			Checking object: Fath.Upload - Falso
5/11/2005 18:55:37			Checking object: Shell.Application - Verdadeiro
5/11/2005 18:55:43			Checking object: ADsSecurity - Falso
5/11/2005 18:55:43			Verified GetShortName setting: Falso
5/11/2005 18:55:43			Collected default language strings for English.dat
5/11/2005 18:55:43			### Application started ###
9/11/2005 09:12:51			### Starting application: FileMan 6.5b ###
9/11/2005 09:12:51			Checking object: FathCrypt.CFathCrypt.1 - Falso
9/11/2005 09:12:51			Checking object: Fath.Upload - Falso
9/11/2005 09:12:51			Checking object: Shell.Application - Verdadeiro
9/11/2005 09:12:56			Checking object: ADsSecurity - Falso
9/11/2005 09:12:56			Verified GetShortName setting: Falso
9/11/2005 09:12:56			Collected default language strings for English.dat
9/11/2005 09:12:56			### Application started ###
17/11/2005 10:44:08			### Starting application: FileMan 6.5b ###
17/11/2005 10:44:08			Checking object: FathCrypt.CFathCrypt.1 - Falso
17/11/2005 10:44:08			Checking object: Fath.Upload - Falso
17/11/2005 10:44:08			Checking object: Shell.Application - Verdadeiro
17/11/2005 10:44:13			Checking object: ADsSecurity - Falso
17/11/2005 10:44:13			Verified GetShortName setting: Falso
17/11/2005 10:44:13			Collected default language strings for English.dat
17/11/2005 10:44:13			### Application started ###
17/11/2005 19:17:51			### Starting application: FileMan 6.5b ###
17/11/2005 19:17:51			Checking object: FathCrypt.CFathCrypt.1 - Falso
17/11/2005 19:17:51			Checking object: Fath.Upload - Falso
17/11/2005 19:17:51			Checking object: Shell.Application - Verdadeiro
17/11/2005 19:17:57			Checking object: ADsSecurity - Falso
17/11/2005 19:17:57			Verified GetShortName setting: Falso
17/11/2005 19:17:57			Collected default language strings for English.dat
17/11/2005 19:17:57			### Application started ###
19/11/2005 16:14:15			### Starting application: FileMan 6.5b ###
19/11/2005 16:14:15			Checking object: FathCrypt.CFathCrypt.1 - Falso
19/11/2005 16:14:15			Checking object: Fath.Upload - Falso
19/11/2005 16:14:15			Checking object: Shell.Application - Verdadeiro
19/11/2005 16:14:21			Checking object: ADsSecurity - Falso
19/11/2005 16:14:21			Verified GetShortName setting: Falso
19/11/2005 16:14:21			Collected default language strings for English.dat
19/11/2005 16:14:21			### Application started ###
20/11/2005 00:44:14			### Starting application: FileMan 6.5b ###
20/11/2005 00:44:14			Checking object: FathCrypt.CFathCrypt.1 - Falso
20/11/2005 00:44:14			Checking object: Fath.Upload - Falso
20/11/2005 00:44:14			Checking object: Shell.Application - Verdadeiro
20/11/2005 00:44:21			Checking object: ADsSecurity - Falso
20/11/2005 00:44:21			Verified GetShortName setting: Falso
20/11/2005 00:44:21			Collected default language strings for English.dat
20/11/2005 00:44:21			### Application started ###
22/2/2006 15:46:59			### Starting application: FileMan 6.5b ###
22/2/2006 15:46:59			Checking object: FathCrypt.CFathCrypt.1 - Falso
22/2/2006 15:46:59			Checking object: Fath.Upload - Falso
22/2/2006 15:46:59			Checking object: Shell.Application - Verdadeiro
22/2/2006 15:47:05			Checking object: ADsSecurity - Falso
22/2/2006 15:47:05			Verified GetShortName setting: Falso
22/2/2006 15:47:05			Collected default language strings for English.dat
22/2/2006 15:47:05			### Application started ###
1/3/2006 19:40:53			### Starting application: FileMan 6.5b ###
1/3/2006 19:40:53			Checking object: FathCrypt.CFathCrypt.1 - Falso
1/3/2006 19:40:53			Checking object: Fath.Upload - Falso
1/3/2006 19:40:53			Checking object: Shell.Application - Verdadeiro
1/3/2006 19:40:59			Checking object: ADsSecurity - Falso
1/3/2006 19:40:59			Verified GetShortName setting: Falso
1/3/2006 19:40:59			Collected default language strings for English.dat
1/3/2006 19:40:59			### Application started ###
2/3/2006 11:40:35			### Starting application: FileMan 6.5b ###
2/3/2006 11:40:35			Checking object: FathCrypt.CFathCrypt.1 - Falso
2/3/2006 11:40:35			Checking object: Fath.Upload - Falso
2/3/2006 11:40:35			Checking object: Shell.Application - Verdadeiro
2/3/2006 11:40:41			Checking object: ADsSecurity - Falso
2/3/2006 11:40:41			Verified GetShortName setting: Falso
2/3/2006 11:40:41			Collected default language strings for English.dat
2/3/2006 11:40:41			### Application started ###
2/3/2006 19:41:34			### Starting application: FileMan 6.5b ###
2/3/2006 19:41:34			Checking object: FathCrypt.CFathCrypt.1 - Falso
2/3/2006 19:41:34			Checking object: Fath.Upload - Falso
2/3/2006 19:41:34			Checking object: Shell.Application - Verdadeiro
2/3/2006 19:41:40			Checking object: ADsSecurity - Falso
2/3/2006 19:41:40			Verified GetShortName setting: Falso
2/3/2006 19:41:40			Collected default language strings for English.dat
2/3/2006 19:41:40			### Application started ###
6/3/2006 03:51:44			### Starting application: FileMan 6.5b ###
6/3/2006 03:51:44			Checking object: FathCrypt.CFathCrypt.1 - Falso
6/3/2006 03:51:44			Checking object: Fath.Upload - Falso
6/3/2006 03:51:44			Checking object: Shell.Application - Verdadeiro
6/3/2006 03:51:50			Checking object: ADsSecurity - Falso
6/3/2006 03:51:50			Verified GetShortName setting: Falso
6/3/2006 03:51:50			Collected default language strings for English.dat
6/3/2006 03:51:50			### Application started ###
7/3/2006 18:11:44			### Starting application: FileMan 6.5b ###
7/3/2006 18:11:44			Checking object: FathCrypt.CFathCrypt.1 - Falso
7/3/2006 18:11:44			Checking object: Fath.Upload - Falso
7/3/2006 18:11:44			Checking object: Shell.Application - Verdadeiro
7/3/2006 18:11:49			Checking object: ADsSecurity - Falso
7/3/2006 18:11:49			Verified GetShortName setting: Falso
7/3/2006 18:11:49			Collected default language strings for English.dat
7/3/2006 18:11:49			### Application started ###
9/3/2006 10:19:18			### Starting application: FileMan 6.5b ###
9/3/2006 10:19:18			Checking object: FathCrypt.CFathCrypt.1 - Falso
9/3/2006 10:19:18			Checking object: Fath.Upload - Falso
9/3/2006 10:19:18			Checking object: Shell.Application - Verdadeiro
9/3/2006 10:19:23			Checking object: ADsSecurity - Falso
9/3/2006 10:19:23			Verified GetShortName setting: Falso
9/3/2006 10:19:23			Collected default language strings for English.dat
9/3/2006 10:19:23			### Application started ###
11/3/2006 18:28:29			### Starting application: FileMan 6.5b ###
11/3/2006 18:28:29			Checking object: FathCrypt.CFathCrypt.1 - Falso
11/3/2006 18:28:29			Checking object: Fath.Upload - Falso
11/3/2006 18:28:29			Checking object: Shell.Application - Verdadeiro
11/3/2006 18:28:35			Checking object: ADsSecurity - Falso
11/3/2006 18:28:35			Verified GetShortName setting: Falso
11/3/2006 18:28:35			Collected default language strings for English.dat
11/3/2006 18:28:35			### Application started ###
17/3/2006 17:04:00			### Starting application: FileMan 6.5b ###
17/3/2006 17:04:00			Checking object: FathCrypt.CFathCrypt.1 - Falso
17/3/2006 17:04:00			Checking object: Fath.Upload - Falso
17/3/2006 17:04:00			Checking object: Shell.Application - Verdadeiro
17/3/2006 17:04:01			Checking object: ADsSecurity - Falso
17/3/2006 17:04:01			Verified GetShortName setting: Falso
17/3/2006 17:04:01			Collected default language strings for English.dat
17/3/2006 17:04:01			### Application started ###
13/4/2006 17:10:01			### Starting application: FileMan 6.5b ###
13/4/2006 17:10:01			Checking object: FathCrypt.CFathCrypt.1 - Falso
13/4/2006 17:10:01			Checking object: Fath.Upload - Falso
13/4/2006 17:10:01			Checking object: Shell.Application - Verdadeiro
13/4/2006 17:10:05			Checking object: ADsSecurity - Falso
13/4/2006 17:10:05			Verified GetShortName setting: Falso
13/4/2006 17:10:05			Collected default language strings for English.dat
13/4/2006 17:10:05			### Application started ###
13/4/2006 17:24:33			### Starting application: FileMan 6.5b ###
13/4/2006 17:24:33			Checking object: FathCrypt.CFathCrypt.1 - Falso
13/4/2006 17:24:33			Checking object: Fath.Upload - Falso
13/4/2006 17:24:33			Checking object: Shell.Application - Verdadeiro
13/4/2006 17:24:36			Checking object: ADsSecurity - Falso
13/4/2006 17:24:36			Verified GetShortName setting: Falso
13/4/2006 17:24:36			Collected default language strings for English.dat
13/4/2006 17:24:36			### Application started ###
11/6/2006 11:11:45			### Starting application: FileMan 6.5b ###
11/6/2006 11:11:45			Checking object: FathCrypt.CFathCrypt.1 - False
11/6/2006 11:11:45			Checking object: Fath.Upload - False
11/6/2006 11:11:45			Checking object: Shell.Application - True
11/6/2006 11:11:50			Checking object: ADsSecurity - False
11/6/2006 11:11:50			Verified GetShortName setting: False
11/6/2006 11:11:50			Collected default language strings for English.dat
11/6/2006 11:11:50			### Application started ###
11/6/2006 11:30:06		201.66.205.185	Cleanup files from D:\hshome\visaonot\visaonoturna.com\2005\PubDownload\
12/6/2006 19:08:56			### Starting application: FileMan 6.7b ###
12/6/2006 19:08:56			Checking object: FathCrypt.CFathCrypt.1 - False
12/6/2006 19:08:56			Checking object: Fath.Upload - False
12/6/2006 19:08:56			Checking object: Shell.Application - True
12/6/2006 19:09:01			Checking object: ADsSecurity - False
12/6/2006 19:09:01			Verified GetShortName setting: False
12/6/2006 19:09:01			Collected default language strings for english.dat
12/6/2006 19:09:01			### Application started ###
12/6/2006 19:20:19	Diags: Logfile test
12/6/2006 19:23:05		200.203.70.193	Cleanup files from D:\hshome\visaonot\visaonoturna.com\2005\PubDownload\
16/6/2006 13:03:41			### Starting application: FileMan 6.7b ###
16/6/2006 13:03:41			Checking object: FathCrypt.CFathCrypt.1 - False
16/6/2006 13:03:41			Checking object: Fath.Upload - False
16/6/2006 13:03:41			Checking object: Shell.Application - True
16/6/2006 13:03:47			Checking object: ADsSecurity - False
16/6/2006 13:03:47			Verified GetShortName setting: False
16/6/2006 13:03:47			Collected default language strings for english.dat
16/6/2006 13:03:47			### Application started ###
24/6/2006 13:20:36			### Starting application: FileMan 6.7b ###
24/6/2006 13:20:36			Checking object: FathCrypt.CFathCrypt.1 - False
24/6/2006 13:20:36			Checking object: Fath.Upload - False
24/6/2006 13:20:36			Checking object: Shell.Application - True
24/6/2006 13:20:41			Checking object: ADsSecurity - False
24/6/2006 13:20:41			Verified GetShortName setting: False
24/6/2006 13:20:41			Collected default language strings for english.dat
24/6/2006 13:20:41			### Application started ###
25/6/2006 21:50:57			### Starting application: FileMan 6.7b ###
25/6/2006 21:50:57			Checking object: FathCrypt.CFathCrypt.1 - False
25/6/2006 21:50:57			Checking object: Fath.Upload - False
25/6/2006 21:50:57			Checking object: Shell.Application - True
25/6/2006 21:51:03			Checking object: ADsSecurity - False
25/6/2006 21:51:03			Verified GetShortName setting: False
25/6/2006 21:51:03			Collected default language strings for english.dat
25/6/2006 21:51:03			### Application started ###
26/6/2006 16:08:37			### Starting application: FileMan 6.7b ###
26/6/2006 16:08:37			Checking object: FathCrypt.CFathCrypt.1 - False
26/6/2006 16:08:37			Checking object: Fath.Upload - False
26/6/2006 16:08:38			Checking object: Shell.Application - True
26/6/2006 16:08:44			Checking object: ADsSecurity - False
26/6/2006 16:08:44			Verified GetShortName setting: False
26/6/2006 16:08:44			Collected default language strings for english.dat
26/6/2006 16:08:44			### Application started ###
28/6/2006 17:25:01			### Starting application: FileMan 6.7b ###
28/6/2006 17:25:01			Checking object: FathCrypt.CFathCrypt.1 - False
28/6/2006 17:25:01			Checking object: Fath.Upload - False
28/6/2006 17:25:02			Checking object: Shell.Application - True
28/6/2006 17:25:07			Checking object: ADsSecurity - False
28/6/2006 17:25:07			Verified GetShortName setting: False
28/6/2006 17:25:07			Collected default language strings for english.dat
28/6/2006 17:25:07			### Application started ###
30/6/2006 13:53:08			### Starting application: FileMan 6.7b ###
30/6/2006 13:53:08			Checking object: FathCrypt.CFathCrypt.1 - False
30/6/2006 13:53:08			Checking object: Fath.Upload - False
30/6/2006 13:53:08			Checking object: Shell.Application - True
30/6/2006 13:53:14			Checking object: ADsSecurity - False
30/6/2006 13:53:14			Verified GetShortName setting: False
30/6/2006 13:53:14			Collected default language strings for english.dat
30/6/2006 13:53:14			### Application started ###
4/7/2006 15:48:00			### Starting application: FileMan 6.7b ###
4/7/2006 15:48:00			Checking object: FathCrypt.CFathCrypt.1 - False
4/7/2006 15:48:00			Checking object: Fath.Upload - False
4/7/2006 15:48:00			Checking object: Shell.Application - True
4/7/2006 15:48:05			Checking object: ADsSecurity - False
4/7/2006 15:48:05			Verified GetShortName setting: False
4/7/2006 15:48:05			Collected default language strings for english.dat
4/7/2006 15:48:05			### Application started ###
6/7/2006 16:18:23			### Starting application: FileMan 6.7b ###
6/7/2006 16:18:23			Checking object: FathCrypt.CFathCrypt.1 - False
6/7/2006 16:18:23			Checking object: Fath.Upload - False
6/7/2006 16:18:23			Checking object: Shell.Application - True
6/7/2006 16:18:31			Checking object: ADsSecurity - False
6/7/2006 16:18:31			Verified GetShortName setting: False
6/7/2006 16:18:31			Collected default language strings for english.dat
6/7/2006 16:18:31			### Application started ###
10/7/2006 22:44:52			### Starting application: FileMan 6.7b ###
10/7/2006 22:44:53			Checking object: FathCrypt.CFathCrypt.1 - False
10/7/2006 22:44:53			Checking object: Fath.Upload - False
10/7/2006 22:44:53			Checking object: Shell.Application - True
10/7/2006 22:45:01			Checking object: ADsSecurity - False
10/7/2006 22:45:01			Verified GetShortName setting: False
10/7/2006 22:45:01			Collected default language strings for english.dat
10/7/2006 22:45:01			### Application started ###
11/7/2006 16:14:36			### Starting application: FileMan 6.7b ###
11/7/2006 16:14:36			Checking object: FathCrypt.CFathCrypt.1 - False
11/7/2006 16:14:36			Checking object: Fath.Upload - False
11/7/2006 16:14:37			Checking object: Shell.Application - True
11/7/2006 16:14:42			Checking object: ADsSecurity - False
11/7/2006 16:14:42			Verified GetShortName setting: False
11/7/2006 16:14:42			Collected default language strings for english.dat
11/7/2006 16:14:42			### Application started ###
14/7/2006 11:53:32			### Starting application: FileMan 6.7b ###
14/7/2006 11:53:32			Checking object: FathCrypt.CFathCrypt.1 - False
14/7/2006 11:53:32			Checking object: Fath.Upload - False
14/7/2006 11:53:32			Checking object: Shell.Application - True
14/7/2006 11:53:38			Checking object: ADsSecurity - False
14/7/2006 11:53:38			Verified GetShortName setting: False
14/7/2006 11:53:38			Collected default language strings for english.dat
14/7/2006 11:53:38			### Application started ###
17/7/2006 15:23:29			### Starting application: FileMan 6.7b ###
17/7/2006 15:23:29			Checking object: FathCrypt.CFathCrypt.1 - False
17/7/2006 15:23:29			Checking object: Fath.Upload - False
17/7/2006 15:23:29			Checking object: Shell.Application - True
17/7/2006 15:23:36			Checking object: ADsSecurity - False
17/7/2006 15:23:36			Verified GetShortName setting: False
17/7/2006 15:23:36			Collected default language strings for english.dat
17/7/2006 15:23:36			### Application started ###
19/7/2006 15:24:51			### Starting application: FileMan 6.7b ###
19/7/2006 15:24:51			Checking object: FathCrypt.CFathCrypt.1 - False
19/7/2006 15:24:51			Checking object: Fath.Upload - False
19/7/2006 15:24:51			Checking object: Shell.Application - True
19/7/2006 15:24:58			Checking object: ADsSecurity - False
19/7/2006 15:24:58			Verified GetShortName setting: False
19/7/2006 15:24:58			Collected default language strings for english.dat
19/7/2006 15:24:58			### Application started ###
20/7/2006 10:18:59			### Starting application: FileMan 6.7b ###
20/7/2006 10:18:59			Checking object: FathCrypt.CFathCrypt.1 - False
20/7/2006 10:18:59			Checking object: Fath.Upload - False
20/7/2006 10:18:59			Checking object: Shell.Application - True
20/7/2006 10:19:05			Checking object: ADsSecurity - False
20/7/2006 10:19:05			Verified GetShortName setting: False
20/7/2006 10:19:05			Collected default language strings for english.dat
20/7/2006 10:19:05			### Application started ###
20/7/2006 18:16:48			### Starting application: FileMan 6.7b ###
20/7/2006 18:16:48			Checking object: FathCrypt.CFathCrypt.1 - False
20/7/2006 18:16:48			Checking object: Fath.Upload - False
20/7/2006 18:16:48			Checking object: Shell.Application - True
20/7/2006 18:16:54			Checking object: ADsSecurity - False
20/7/2006 18:16:54			Verified GetShortName setting: False
20/7/2006 18:16:54			Collected default language strings for english.dat
20/7/2006 18:16:54			### Application started ###
21/7/2006 13:16:02			### Starting application: FileMan 6.7b ###
21/7/2006 13:16:02			Checking object: FathCrypt.CFathCrypt.1 - False
21/7/2006 13:16:02			Checking object: Fath.Upload - False
21/7/2006 13:16:02			Checking object: Shell.Application - True
21/7/2006 13:16:09			Checking object: ADsSecurity - False
21/7/2006 13:16:09			Verified GetShortName setting: False
21/7/2006 13:16:09			Collected default language strings for english.dat
21/7/2006 13:16:09			### Application started ###
22/7/2006 20:32:02			### Starting application: FileMan 6.7b ###
22/7/2006 20:32:02			Checking object: FathCrypt.CFathCrypt.1 - False
22/7/2006 20:32:02			Checking object: Fath.Upload - False
22/7/2006 20:32:02			Checking object: Shell.Application - True
22/7/2006 20:32:07			Checking object: ADsSecurity - False
22/7/2006 20:32:07			Verified GetShortName setting: False
22/7/2006 20:32:07			Collected default language strings for english.dat
22/7/2006 20:32:07			### Application started ###
24/7/2006 09:12:15			### Starting application: FileMan 6.7b ###
24/7/2006 09:12:15			Checking object: FathCrypt.CFathCrypt.1 - False
24/7/2006 09:12:15			Checking object: Fath.Upload - False
24/7/2006 09:12:15			Checking object: Shell.Application - True
24/7/2006 09:12:21			Checking object: ADsSecurity - False
24/7/2006 09:12:21			Verified GetShortName setting: False
24/7/2006 09:12:21			Collected default language strings for english.dat
24/7/2006 09:12:21			### Application started ###
25/7/2006 12:21:24			### Starting application: FileMan 6.7b ###
25/7/2006 12:21:24			Checking object: FathCrypt.CFathCrypt.1 - False
25/7/2006 12:21:24			Checking object: Fath.Upload - False
25/7/2006 12:21:25			Checking object: Shell.Application - True
25/7/2006 12:21:31			Checking object: ADsSecurity - False
25/7/2006 12:21:31			Verified GetShortName setting: False
25/7/2006 12:21:31			Collected default language strings for english.dat
25/7/2006 12:21:31			### Application started ###
25/7/2006 18:17:34			### Starting application: FileMan 6.7b ###
25/7/2006 18:17:34			Checking object: FathCrypt.CFathCrypt.1 - False
25/7/2006 18:17:34			Checking object: Fath.Upload - False
25/7/2006 18:17:34			Checking object: Shell.Application - True
25/7/2006 18:17:40			Checking object: ADsSecurity - False
25/7/2006 18:17:40			Verified GetShortName setting: False
25/7/2006 18:17:40			Collected default language strings for english.dat
25/7/2006 18:17:40			### Application started ###
28/7/2006 00:43:08			### Starting application: FileMan 6.7b ###
28/7/2006 00:43:08			Checking object: FathCrypt.CFathCrypt.1 - False
28/7/2006 00:43:08			Checking object: Fath.Upload - False
28/7/2006 00:43:08			Checking object: Shell.Application - True
28/7/2006 00:43:13			Checking object: ADsSecurity - False
28/7/2006 00:43:13			Verified GetShortName setting: False
28/7/2006 00:43:13			Collected default language strings for english.dat
28/7/2006 00:43:13			### Application started ###
28/7/2006 00:50:56			### Starting application: FileMan 6.7b ###
28/7/2006 00:50:56			Checking object: FathCrypt.CFathCrypt.1 - False
28/7/2006 00:50:56			Checking object: Fath.Upload - False
28/7/2006 00:50:56			Checking object: Shell.Application - True
