12/9/2005 01:02:16			### Starting application: FileMan 6.5b ###
12/9/2005 01:02:16			Checking object: FathCrypt.CFathCrypt.1 - Falso
12/9/2005 01:02:16			Checking object: Fath.Upload - Falso
12/9/2005 01:02:16			Checking object: Shell.Application - Verdadeiro
12/9/2005 01:02:22			Checking object: ADsSecurity - Falso
12/9/2005 01:02:22			Verified GetShortName setting: Falso
12/9/2005 01:02:22			Collected default language strings for English.dat
12/9/2005 01:02:22			### Application started ###
20/10/2005 15:45:52			### Starting application: FileMan 6.5b ###
20/10/2005 15:45:52			Checking object: FathCrypt.CFathCrypt.1 - Falso
20/10/2005 15:45:52			Checking object: Fath.Upload - Falso
20/10/2005 15:45:52			Checking object: Shell.Application - Verdadeiro
20/10/2005 15:45:57			Checking object: ADsSecurity - Falso
20/10/2005 15:45:58			Verified GetShortName setting: Falso
20/10/2005 15:45:58			Collected default language strings for English.dat
20/10/2005 15:45:58			### Application started ###
7/3/2006 22:31:59			### Starting application: FileMan 6.5b ###
7/3/2006 22:31:59			Checking object: FathCrypt.CFathCrypt.1 - Falso
7/3/2006 22:31:59			Checking object: Fath.Upload - Falso
7/3/2006 22:31:59			Checking object: Shell.Application - Verdadeiro
7/3/2006 22:32:04			Checking object: ADsSecurity - Falso
7/3/2006 22:32:04			Verified GetShortName setting: Falso
7/3/2006 22:32:04			Collected default language strings for English.dat
7/3/2006 22:32:04			### Application started ###
7/3/2006 22:49:16		127.0.0.1	Cleanup files from D:\xandy\SITES\profissionais\visaonoturna\visaonoturna-web\www\painel\PubDownload\
7/3/2006 22:50:50			### Starting application: FileMan 6.5b ###
7/3/2006 22:50:51			Checking object: FathCrypt.CFathCrypt.1 - Falso
7/3/2006 22:50:51			Checking object: Fath.Upload - Falso
7/3/2006 22:50:51			Checking object: Shell.Application - Verdadeiro
7/3/2006 22:50:56			Checking object: ADsSecurity - Falso
7/3/2006 22:50:56			Verified GetShortName setting: Falso
7/3/2006 22:50:56			Collected default language strings for English.dat
7/3/2006 22:50:56			### Application started ###
7/3/2006 23:21:50		127.0.0.1	Cleanup files from D:\xandy\SITES\profissionais\visaonoturna\visaonoturna-web\www\painel\PubDownload\
17/3/2006 19:14:12			### Starting application: FileMan 6.5b ###
17/3/2006 19:14:12			Checking object: FathCrypt.CFathCrypt.1 - Falso
17/3/2006 19:14:12			Checking object: Fath.Upload - Falso
17/3/2006 19:14:12			Checking object: Shell.Application - Verdadeiro
17/3/2006 19:14:12			Checking object: ADsSecurity - Falso
17/3/2006 19:14:12			Verified GetShortName setting: Falso
17/3/2006 19:14:12			Collected default language strings for English.dat
17/3/2006 19:14:12			### Application started ###
10/6/2006 14:59:26			### Starting application: FileMan 6.5b ###
10/6/2006 14:59:26			Checking object: FathCrypt.CFathCrypt.1 - False
10/6/2006 14:59:26			Checking object: Fath.Upload - False
10/6/2006 14:59:26			Checking object: Shell.Application - True
10/6/2006 14:59:32			Checking object: ADsSecurity - False
10/6/2006 14:59:32			Verified GetShortName setting: False
10/6/2006 14:59:32			Collected default language strings for English.dat
10/6/2006 14:59:32			### Application started ###
10/6/2006 15:02:54		201.22.209.230	Cleanup files from D:\hshome\visaonot\visaonoturna.com\painel\PubDownload\
10/6/2006 15:36:21			### Starting application: FileMan 6.5b ###
10/6/2006 15:36:21			Checking object: FathCrypt.CFathCrypt.1 - False
10/6/2006 15:36:21			Checking object: Fath.Upload - False
10/6/2006 15:36:21			Checking object: Shell.Application - True
10/6/2006 15:36:26			Checking object: ADsSecurity - False
10/6/2006 15:36:26			Verified GetShortName setting: False
10/6/2006 15:36:26			Collected default language strings for English.dat
10/6/2006 15:36:26			### Application started ###
10/6/2006 15:40:39		201.66.205.185	Cleanup files from D:\hshome\visaonot\visaonoturna.com\painel\PubDownload\
10/6/2006 15:41:09			### Starting application: FileMan 6.5b ###
10/6/2006 15:41:09			Checking object: FathCrypt.CFathCrypt.1 - False
10/6/2006 15:41:09			Checking object: Fath.Upload - False
10/6/2006 15:41:09			Checking object: Shell.Application - True
10/6/2006 15:41:14			Checking object: ADsSecurity - False
10/6/2006 15:41:14			Verified GetShortName setting: False
10/6/2006 15:41:14			Collected default language strings for English.dat
10/6/2006 15:41:14			### Application started ###
10/6/2006 15:41:39		201.66.205.185	Cleanup files from D:\hshome\visaonot\visaonoturna.com\painel\PubDownload\
13/6/2006 16:04:41			### Starting application: FileMan 6.7b ###
13/6/2006 16:04:41			Checking object: FathCrypt.CFathCrypt.1 - False
13/6/2006 16:04:41			Checking object: Fath.Upload - False
13/6/2006 16:04:41			Checking object: Shell.Application - True
13/6/2006 16:04:47			Checking object: ADsSecurity - False
13/6/2006 16:04:47			Verified GetShortName setting: False
13/6/2006 16:04:47			Collected default language strings for english.dat
13/6/2006 16:04:47			### Application started ###
13/6/2006 16:06:47		200.203.70.193	Cleanup files from D:\hshome\visaonot\visaonoturna.com\painel\PubDownload\
13/6/2006 16:06:52			### Starting application: FileMan 6.7b ###
13/6/2006 16:06:52			Checking object: FathCrypt.CFathCrypt.1 - False
13/6/2006 16:06:52			Checking object: Fath.Upload - False
13/6/2006 16:06:52			Checking object: Shell.Application - True
13/6/2006 16:06:57			Checking object: ADsSecurity - False
13/6/2006 16:06:57			Verified GetShortName setting: False
13/6/2006 16:06:57			Collected default language strings for english.dat
13/6/2006 16:06:57			### Application started ###
13/6/2006 16:08:23		200.203.70.193	Cleanup files from D:\hshome\visaonot\visaonoturna.com\painel\PubDownload\
13/6/2006 16:08:59			### Starting application: FileMan 6.7b ###
13/6/2006 16:08:59			Checking object: FathCrypt.CFathCrypt.1 - False
13/6/2006 16:08:59			Checking object: Fath.Upload - False
13/6/2006 16:08:59			Checking object: Shell.Application - True
13/6/2006 16:09:04			Checking object: ADsSecurity - False
13/6/2006 16:09:04			Verified GetShortName setting: False
13/6/2006 16:09:04			Collected default language strings for english.dat
13/6/2006 16:09:04			### Application started ###
13/6/2006 16:09:25		200.203.70.193	Cleanup files from D:\hshome\visaonot\visaonoturna.com\painel\PubDownload\
13/6/2006 16:09:33			### Starting application: FileMan 6.7b ###
13/6/2006 16:09:33			Checking object: FathCrypt.CFathCrypt.1 - False
13/6/2006 16:09:33			Checking object: Fath.Upload - False
13/6/2006 16:09:33			Checking object: Shell.Application - True
13/6/2006 16:09:38			Checking object: ADsSecurity - False
13/6/2006 16:09:38			Verified GetShortName setting: False
13/6/2006 16:09:38			Collected default language strings for english.dat
13/6/2006 16:09:38			### Application started ###
13/6/2006 16:10:44		200.203.70.193	Cleanup files from D:\hshome\visaonot\visaonoturna.com\painel\PubDownload\
13/6/2006 16:10:48			### Starting application: FileMan 6.7b ###
13/6/2006 16:10:48			Checking object: FathCrypt.CFathCrypt.1 - False
13/6/2006 16:10:48			Checking object: Fath.Upload - False
13/6/2006 16:10:48			Checking object: Shell.Application - True
13/6/2006 16:10:53			Checking object: ADsSecurity - False
13/6/2006 16:10:53			Verified GetShortName setting: False
13/6/2006 16:10:53			Collected default language strings for english.dat
13/6/2006 16:10:53			### Application started ###
13/6/2006 16:11:28		200.203.70.193	Cleanup files from D:\hshome\visaonot\visaonoturna.com\painel\PubDownload\
13/6/2006 16:12:08			### Starting application: FileMan 6.7b ###
13/6/2006 16:12:08			Checking object: FathCrypt.CFathCrypt.1 - False
13/6/2006 16:12:08			Checking object: Fath.Upload - False
13/6/2006 16:12:08			Checking object: Shell.Application - True
13/6/2006 16:12:13			Checking object: ADsSecurity - False
13/6/2006 16:12:13			Verified GetShortName setting: False
13/6/2006 16:12:13			Collected default language strings for english.dat
13/6/2006 16:12:13			### Application started ###
13/6/2006 16:14:13			### Starting application: FileMan 6.7b ###
13/6/2006 16:14:13			Checking object: FathCrypt.CFathCrypt.1 - False
13/6/2006 16:14:13			Checking object: Fath.Upload - False
13/6/2006 16:14:13			Checking object: Shell.Application - True
13/6/2006 16:14:18			Checking object: ADsSecurity - False
13/6/2006 16:14:18			Verified GetShortName setting: False
13/6/2006 16:14:18			Collected default language strings for english.dat
13/6/2006 16:14:18			### Application started ###
13/6/2006 16:17:34	Diags: Logfile test
18/7/2006 17:01:36			### Starting application: FileMan 6.7b ###
18/7/2006 17:01:36			Checking object: FathCrypt.CFathCrypt.1 - False
18/7/2006 17:01:36			Checking object: Fath.Upload - False
18/7/2006 17:01:37			Checking object: Shell.Application - True
18/7/2006 17:01:43			Checking object: ADsSecurity - False
18/7/2006 17:01:43			Verified GetShortName setting: False
18/7/2006 17:01:43			Collected default language strings for english.dat
18/7/2006 17:01:43			### Application started ###
25/7/2006 18:43:20			### Starting application: FileMan 6.7b ###
25/7/2006 18:43:20			Checking object: FathCrypt.CFathCrypt.1 - False
25/7/2006 18:43:20			Checking object: Fath.Upload - False
25/7/2006 18:43:20			Checking object: Shell.Application - True
25/7/2006 18:43:25			Checking object: ADsSecurity - False
25/7/2006 18:43:25			Verified GetShortName setting: False
25/7/2006 18:43:25			Collected default language strings for english.dat
25/7/2006 18:43:25			### Application started ###
